<?xml version="1.0" encoding="UTF-8"?>
<testng-results ignored="0" total="2" passed="2" failed="0" skipped="0">
  <reporter-output>
  </reporter-output>
  <suite started-at="2023-05-31T22:03:31 GMT-04:00" name="Default suite" finished-at="2023-05-31T22:03:38 GMT-04:00" duration-ms="7331">
    <groups>
    </groups>
    <test started-at="2023-05-31T22:03:31 GMT-04:00" name="Default test" finished-at="2023-05-31T22:03:38 GMT-04:00" duration-ms="7331">
      <class name="testCases.LoginTest">
        <test-method is-config="true" signature="init()[pri:0, instance:testCases.LoginTest@3232a28a]" started-at="2023-05-31T22:03:31 GMT-04:00" name="init" finished-at="2023-05-31T22:03:34 GMT-04:00" duration-ms="3659" status="PASS">
          <reporter-output>
          </reporter-output>
        </test-method> <!-- init -->
        <test-method signature="verifyInValidLogin()[pri:0, instance:testCases.LoginTest@3232a28a]" started-at="2023-05-31T22:03:34 GMT-04:00" name="verifyInValidLogin" finished-at="2023-05-31T22:03:35 GMT-04:00" duration-ms="434" status="PASS">
          <reporter-output>
          </reporter-output>
        </test-method> <!-- verifyInValidLogin -->
        <test-method is-config="true" signature="teardown()[pri:0, instance:testCases.LoginTest@3232a28a]" started-at="2023-05-31T22:03:35 GMT-04:00" name="teardown" finished-at="2023-05-31T22:03:35 GMT-04:00" duration-ms="314" status="PASS">
          <reporter-output>
          </reporter-output>
        </test-method> <!-- teardown -->
        <test-method is-config="true" signature="init()[pri:0, instance:testCases.LoginTest@3232a28a]" started-at="2023-05-31T22:03:35 GMT-04:00" name="init" finished-at="2023-05-31T22:03:37 GMT-04:00" duration-ms="2089" status="PASS">
          <reporter-output>
          </reporter-output>
        </test-method> <!-- init -->
        <test-method signature="verifyValidLogin()[pri:0, instance:testCases.LoginTest@3232a28a]" started-at="2023-05-31T22:03:37 GMT-04:00" name="verifyValidLogin" finished-at="2023-05-31T22:03:38 GMT-04:00" duration-ms="457" status="PASS">
          <reporter-output>
          </reporter-output>
        </test-method> <!-- verifyValidLogin -->
        <test-method is-config="true" signature="teardown()[pri:0, instance:testCases.LoginTest@3232a28a]" started-at="2023-05-31T22:03:38 GMT-04:00" name="teardown" finished-at="2023-05-31T22:03:38 GMT-04:00" duration-ms="322" status="PASS">
          <reporter-output>
          </reporter-output>
        </test-method> <!-- teardown -->
      </class> <!-- testCases.LoginTest -->
    </test> <!-- Default test -->
  </suite> <!-- Default suite -->
</testng-results>
